{"/Users/mac/user-management-api/src/app.ts": {"path":"/Users/mac/user-management-api/src/app.ts","statementMap":{"0":{"start":{"line":1,"column":0},"end":{"line":1,"column":30}},"1":{"start":{"line":2,"column":0},"end":{"line":2,"column":24}},"2":{"start":{"line":3,"column":0},"end":{"line":3,"column":28}},"3":{"start":{"line":4,"column":0},"end":{"line":4,"column":44}},"4":{"start":{"line":5,"column":0},"end":{"line":5,"column":45}},"5":{"start":{"line":6,"column":0},"end":{"line":6,"column":45}},"6":{"start":{"line":7,"column":0},"end":{"line":7,"column":51}},"7":{"start":{"line":9,"column":0},"end":{"line":9,"column":16}},"8":{"start":{"line":10,"column":12},"end":{"line":10,"column":21}},"9":{"start":{"line":13,"column":0},"end":{"line":19,"column":5}},"10":{"start":{"line":15,"column":4},"end":{"line":15,"column":51}},"11":{"start":{"line":18,"column":4},"end":{"line":18,"column":21}},"12":{"start":{"line":21,"column":0},"end":{"line":21,"column":16}},"13":{"start":{"line":22,"column":0},"end":{"line":22,"column":24}},"14":{"start":{"line":23,"column":0},"end":{"line":23,"column":48}},"15":{"start":{"line":26,"column":0},"end":{"line":26,"column":30}},"16":{"start":{"line":27,"column":0},"end":{"line":27,"column":30}},"17":{"start":{"line":28,"column":0},"end":{"line":28,"column":37}},"18":{"start":{"line":34,"column":0},"end":{"line":34,"column":19}}},"fnMap":{"0":{"name":"(anonymous_1)","decl":{"start":{"line":14,"column":8},"end":{"line":14,"column":11}},"loc":{"start":{"line":14,"column":13},"end":{"line":16,"column":3}}},"1":{"name":"(anonymous_2)","decl":{"start":{"line":17,"column":9},"end":{"line":17,"column":10}},"loc":{"start":{"line":17,"column":17},"end":{"line":19,"column":3}}}},"branchMap":{},"s":{"0":3,"1":3,"2":3,"3":3,"4":3,"5":3,"6":3,"7":3,"8":3,"9":3,"10":3,"11":0,"12":3,"13":3,"14":3,"15":3,"16":3,"17":3,"18":3},"f":{"0":3,"1":0},"b":{}}
,"/Users/mac/user-management-api/src/controller/addressController.ts": {"path":"/Users/mac/user-management-api/src/controller/addressController.ts","statementMap":{"0":{"start":{"line":2,"column":0},"end":{"line":2,"column":53}},"1":{"start":{"line":3,"column":0},"end":{"line":3,"column":47}},"2":{"start":{"line":9,"column":30},"end":{"line":47,"column":2}},"3":{"start":{"line":9,"column":83},"end":{"line":47,"column":2}},"4":{"start":{"line":10,"column":2},"end":{"line":46,"column":3}},"5":{"start":{"line":11,"column":23},"end":{"line":11,"column":33}},"6":{"start":{"line":14,"column":4},"end":{"line":17,"column":5}},"7":{"start":{"line":15,"column":6},"end":{"line":15,"column":69}},"8":{"start":{"line":16,"column":6},"end":{"line":16,"column":13}},"9":{"start":{"line":20,"column":17},"end":{"line":20,"column":60}},"10":{"start":{"line":21,"column":4},"end":{"line":24,"column":5}},"11":{"start":{"line":22,"column":6},"end":{"line":22,"column":58}},"12":{"start":{"line":23,"column":6},"end":{"line":23,"column":13}},"13":{"start":{"line":27,"column":20},"end":{"line":30,"column":6}},"14":{"start":{"line":33,"column":4},"end":{"line":36,"column":5}},"15":{"start":{"line":34,"column":6},"end":{"line":34,"column":74}},"16":{"start":{"line":35,"column":6},"end":{"line":35,"column":13}},"17":{"start":{"line":39,"column":4},"end":{"line":42,"column":7}},"18":{"start":{"line":44,"column":4},"end":{"line":44,"column":57}},"19":{"start":{"line":45,"column":4},"end":{"line":45,"column":63}},"20":{"start":{"line":9,"column":13},"end":{"line":9,"column":30}},"21":{"start":{"line":51,"column":29},"end":{"line":91,"column":2}},"22":{"start":{"line":51,"column":82},"end":{"line":91,"column":2}},"23":{"start":{"line":52,"column":2},"end":{"line":90,"column":3}},"24":{"start":{"line":53,"column":36},"end":{"line":53,"column":44}},"25":{"start":{"line":56,"column":25},"end":{"line":56,"column":39}},"26":{"start":{"line":57,"column":4},"end":{"line":60,"column":5}},"27":{"start":{"line":58,"column":6},"end":{"line":58,"column":66}},"28":{"start":{"line":59,"column":6},"end":{"line":59,"column":13}},"29":{"start":{"line":63,"column":17},"end":{"line":63,"column":58}},"30":{"start":{"line":64,"column":4},"end":{"line":67,"column":5}},"31":{"start":{"line":65,"column":6},"end":{"line":65,"column":58}},"32":{"start":{"line":66,"column":6},"end":{"line":66,"column":13}},"33":{"start":{"line":70,"column":28},"end":{"line":70,"column":94}},"34":{"start":{"line":71,"column":4},"end":{"line":74,"column":5}},"35":{"start":{"line":72,"column":6},"end":{"line":72,"column":71}},"36":{"start":{"line":73,"column":6},"end":{"line":73,"column":13}},"37":{"start":{"line":77,"column":23},"end":{"line":77,"column":90}},"38":{"start":{"line":79,"column":4},"end":{"line":79,"column":91}},"39":{"start":{"line":82,"column":4},"end":{"line":82,"column":52}},"40":{"start":{"line":85,"column":4},"end":{"line":89,"column":5}},"41":{"start":{"line":86,"column":6},"end":{"line":86,"column":85}},"42":{"start":{"line":86,"column":69},"end":{"line":86,"column":80}},"43":{"start":{"line":88,"column":6},"end":{"line":88,"column":65}},"44":{"start":{"line":51,"column":13},"end":{"line":51,"column":29}},"45":{"start":{"line":94,"column":29},"end":{"line":134,"column":2}},"46":{"start":{"line":94,"column":82},"end":{"line":134,"column":2}},"47":{"start":{"line":95,"column":2},"end":{"line":133,"column":3}},"48":{"start":{"line":96,"column":23},"end":{"line":96,"column":33}},"49":{"start":{"line":97,"column":28},"end":{"line":97,"column":36}},"50":{"start":{"line":100,"column":4},"end":{"line":103,"column":5}},"51":{"start":{"line":101,"column":6},"end":{"line":101,"column":69}},"52":{"start":{"line":102,"column":6},"end":{"line":102,"column":13}},"53":{"start":{"line":106,"column":17},"end":{"line":106,"column":60}},"54":{"start":{"line":107,"column":4},"end":{"line":110,"column":5}},"55":{"start":{"line":108,"column":6},"end":{"line":108,"column":58}},"56":{"start":{"line":109,"column":6},"end":{"line":109,"column":13}},"57":{"start":{"line":113,"column":20},"end":{"line":113,"column":88}},"58":{"start":{"line":114,"column":4},"end":{"line":117,"column":5}},"59":{"start":{"line":115,"column":6},"end":{"line":115,"column":75}},"60":{"start":{"line":116,"column":6},"end":{"line":116,"column":13}},"61":{"start":{"line":120,"column":4},"end":{"line":123,"column":7}},"62":{"start":{"line":125,"column":4},"end":{"line":128,"column":7}},"63":{"start":{"line":131,"column":4},"end":{"line":131,"column":52}},"64":{"start":{"line":132,"column":4},"end":{"line":132,"column":63}},"65":{"start":{"line":94,"column":13},"end":{"line":94,"column":29}}},"fnMap":{"0":{"name":"(anonymous_8)","decl":{"start":{"line":9,"column":30},"end":{"line":9,"column":37}},"loc":{"start":{"line":9,"column":83},"end":{"line":47,"column":2}}},"1":{"name":"(anonymous_9)","decl":{"start":{"line":9,"column":83},"end":{"line":9,"column":null}},"loc":{"start":{"line":9,"column":83},"end":{"line":47,"column":1}}},"2":{"name":"(anonymous_10)","decl":{"start":{"line":51,"column":29},"end":{"line":51,"column":36}},"loc":{"start":{"line":51,"column":82},"end":{"line":91,"column":2}}},"3":{"name":"(anonymous_11)","decl":{"start":{"line":51,"column":82},"end":{"line":51,"column":null}},"loc":{"start":{"line":51,"column":82},"end":{"line":91,"column":1}}},"4":{"name":"(anonymous_12)","decl":{"start":{"line":86,"column":55},"end":{"line":86,"column":56}},"loc":{"start":{"line":86,"column":69},"end":{"line":86,"column":80}}},"5":{"name":"(anonymous_13)","decl":{"start":{"line":94,"column":29},"end":{"line":94,"column":36}},"loc":{"start":{"line":94,"column":82},"end":{"line":134,"column":2}}},"6":{"name":"(anonymous_14)","decl":{"start":{"line":94,"column":82},"end":{"line":94,"column":null}},"loc":{"start":{"line":94,"column":82},"end":{"line":134,"column":1}}}},"branchMap":{"0":{"loc":{"start":{"line":14,"column":4},"end":{"line":17,"column":5}},"type":"if","locations":[{"start":{"line":14,"column":4},"end":{"line":17,"column":5}}]},"1":{"loc":{"start":{"line":14,"column":8},"end":{"line":14,"column":40}},"type":"binary-expr","locations":[{"start":{"line":14,"column":8},"end":{"line":14,"column":15}},{"start":{"line":14,"column":19},"end":{"line":14,"column":40}}]},"2":{"loc":{"start":{"line":21,"column":4},"end":{"line":24,"column":5}},"type":"if","locations":[{"start":{"line":21,"column":4},"end":{"line":24,"column":5}}]},"3":{"loc":{"start":{"line":33,"column":4},"end":{"line":36,"column":5}},"type":"if","locations":[{"start":{"line":33,"column":4},"end":{"line":36,"column":5}}]},"4":{"loc":{"start":{"line":57,"column":4},"end":{"line":60,"column":5}},"type":"if","locations":[{"start":{"line":57,"column":4},"end":{"line":60,"column":5}}]},"5":{"loc":{"start":{"line":64,"column":4},"end":{"line":67,"column":5}},"type":"if","locations":[{"start":{"line":64,"column":4},"end":{"line":67,"column":5}}]},"6":{"loc":{"start":{"line":71,"column":4},"end":{"line":74,"column":5}},"type":"if","locations":[{"start":{"line":71,"column":4},"end":{"line":74,"column":5}}]},"7":{"loc":{"start":{"line":85,"column":4},"end":{"line":89,"column":5}},"type":"if","locations":[{"start":{"line":85,"column":4},"end":{"line":89,"column":5}},{"start":{"line":87,"column":11},"end":{"line":89,"column":5}}]},"8":{"loc":{"start":{"line":100,"column":4},"end":{"line":103,"column":5}},"type":"if","locations":[{"start":{"line":100,"column":4},"end":{"line":103,"column":5}}]},"9":{"loc":{"start":{"line":100,"column":8},"end":{"line":100,"column":40}},"type":"binary-expr","locations":[{"start":{"line":100,"column":8},"end":{"line":100,"column":15}},{"start":{"line":100,"column":19},"end":{"line":100,"column":40}}]},"10":{"loc":{"start":{"line":107,"column":4},"end":{"line":110,"column":5}},"type":"if","locations":[{"start":{"line":107,"column":4},"end":{"line":110,"column":5}}]},"11":{"loc":{"start":{"line":114,"column":4},"end":{"line":117,"column":5}},"type":"if","locations":[{"start":{"line":114,"column":4},"end":{"line":117,"column":5}}]},"12":{"loc":{"start":{"line":121,"column":12},"end":{"line":121,"column":32}},"type":"cond-expr","locations":[{"start":{"line":121,"column":12},"end":{"line":121,"column":16}},{"start":{"line":121,"column":20},"end":{"line":121,"column":32}}]},"13":{"loc":{"start":{"line":121,"column":12},"end":{"line":121,"column":20}},"type":"binary-expr","locations":[{"start":{"line":121,"column":12},"end":{"line":121,"column":20}},{"start":{"line":121,"column":12},"end":{"line":121,"column":20}}]},"14":{"loc":{"start":{"line":122,"column":13},"end":{"line":122,"column":35}},"type":"cond-expr","locations":[{"start":{"line":122,"column":13},"end":{"line":122,"column":18}},{"start":{"line":122,"column":22},"end":{"line":122,"column":35}}]},"15":{"loc":{"start":{"line":122,"column":13},"end":{"line":122,"column":22}},"type":"binary-expr","locations":[{"start":{"line":122,"column":13},"end":{"line":122,"column":22}},{"start":{"line":122,"column":13},"end":{"line":122,"column":22}}]}},"s":{"0":3,"1":3,"2":3,"3":1,"4":1,"5":1,"6":1,"7":0,"8":0,"9":1,"10":1,"11":1,"12":1,"13":0,"14":0,"15":0,"16":0,"17":0,"18":0,"19":0,"20":3,"21":3,"22":2,"23":2,"24":2,"25":2,"26":2,"27":0,"28":0,"29":2,"30":2,"31":0,"32":0,"33":2,"34":2,"35":1,"36":1,"37":1,"38":1,"39":0,"40":0,"41":0,"42":0,"43":0,"44":3,"45":3,"46":2,"47":2,"48":2,"49":2,"50":2,"51":0,"52":0,"53":2,"54":2,"55":0,"56":0,"57":2,"58":2,"59":1,"60":1,"61":1,"62":1,"63":0,"64":0,"65":3},"f":{"0":1,"1":1,"2":2,"3":2,"4":0,"5":2,"6":2},"b":{"0":[0],"1":[1,1],"2":[1],"3":[0],"4":[0],"5":[0],"6":[1],"7":[0,0],"8":[0],"9":[2,2],"10":[0],"11":[1],"12":[1,0],"13":[1,1],"14":[1,0],"15":[1,1]}}
,"/Users/mac/user-management-api/src/controller/postController.ts": {"path":"/Users/mac/user-management-api/src/controller/postController.ts","statementMap":{"0":{"start":{"line":2,"column":0},"end":{"line":2,"column":51}},"1":{"start":{"line":3,"column":0},"end":{"line":3,"column":51}},"2":{"start":{"line":4,"column":0},"end":{"line":4,"column":67}},"3":{"start":{"line":7,"column":26},"end":{"line":45,"column":2}},"4":{"start":{"line":7,"column":79},"end":{"line":45,"column":2}},"5":{"start":{"line":8,"column":4},"end":{"line":44,"column":5}},"6":{"start":{"line":10,"column":27},"end":{"line":10,"column":66}},"7":{"start":{"line":12,"column":8},"end":{"line":19,"column":9}},"8":{"start":{"line":13,"column":36},"end":{"line":16,"column":18}},"9":{"start":{"line":14,"column":16},"end":{"line":14,"column":47}},"10":{"start":{"line":15,"column":16},"end":{"line":15,"column":27}},"11":{"start":{"line":17,"column":12},"end":{"line":17,"column":62}},"12":{"start":{"line":18,"column":12},"end":{"line":18,"column":19}},"13":{"start":{"line":21,"column":40},"end":{"line":21,"column":55}},"14":{"start":{"line":24,"column":21},"end":{"line":24,"column":56}},"15":{"start":{"line":25,"column":8},"end":{"line":28,"column":9}},"16":{"start":{"line":26,"column":12},"end":{"line":26,"column":85}},"17":{"start":{"line":27,"column":12},"end":{"line":27,"column":19}},"18":{"start":{"line":31,"column":24},"end":{"line":35,"column":10}},"19":{"start":{"line":37,"column":8},"end":{"line":40,"column":11}},"20":{"start":{"line":42,"column":8},"end":{"line":42,"column":53}},"21":{"start":{"line":43,"column":8},"end":{"line":43,"column":67}},"22":{"start":{"line":7,"column":13},"end":{"line":7,"column":26}},"23":{"start":{"line":48,"column":26},"end":{"line":68,"column":4}},"24":{"start":{"line":48,"column":79},"end":{"line":68,"column":4}},"25":{"start":{"line":49,"column":4},"end":{"line":67,"column":5}},"26":{"start":{"line":50,"column":21},"end":{"line":50,"column":31}},"27":{"start":{"line":53,"column":19},"end":{"line":53,"column":50}},"28":{"start":{"line":54,"column":6},"end":{"line":57,"column":7}},"29":{"start":{"line":55,"column":9},"end":{"line":55,"column":61}},"30":{"start":{"line":56,"column":9},"end":{"line":56,"column":15}},"31":{"start":{"line":59,"column":6},"end":{"line":59,"column":27}},"32":{"start":{"line":60,"column":7},"end":{"line":60,"column":70}},"33":{"start":{"line":61,"column":7},"end":{"line":61,"column":13}},"34":{"start":{"line":64,"column":6},"end":{"line":64,"column":51}},"35":{"start":{"line":65,"column":7},"end":{"line":65,"column":66}},"36":{"start":{"line":66,"column":7},"end":{"line":66,"column":13}},"37":{"start":{"line":48,"column":13},"end":{"line":48,"column":26}},"38":{"start":{"line":73,"column":30},"end":{"line":97,"column":4}},"39":{"start":{"line":73,"column":83},"end":{"line":97,"column":4}},"40":{"start":{"line":74,"column":4},"end":{"line":95,"column":5}},"41":{"start":{"line":75,"column":25},"end":{"line":75,"column":35}},"42":{"start":{"line":78,"column":19},"end":{"line":78,"column":54}},"43":{"start":{"line":79,"column":6},"end":{"line":82,"column":7}},"44":{"start":{"line":80,"column":8},"end":{"line":80,"column":60}},"45":{"start":{"line":81,"column":8},"end":{"line":81,"column":14}},"46":{"start":{"line":84,"column":20},"end":{"line":84,"column":69}},"47":{"start":{"line":86,"column":6},"end":{"line":89,"column":9}},"48":{"start":{"line":90,"column":6},"end":{"line":90,"column":12}},"49":{"start":{"line":93,"column":6},"end":{"line":93,"column":54}},"50":{"start":{"line":94,"column":5},"end":{"line":94,"column":64}},"51":{"start":{"line":96,"column":4},"end":{"line":96,"column":10}},"52":{"start":{"line":73,"column":15},"end":{"line":73,"column":30}}},"fnMap":{"0":{"name":"(anonymous_7)","decl":{"start":{"line":7,"column":26},"end":{"line":7,"column":33}},"loc":{"start":{"line":7,"column":79},"end":{"line":45,"column":2}}},"1":{"name":"(anonymous_8)","decl":{"start":{"line":7,"column":79},"end":{"line":7,"column":null}},"loc":{"start":{"line":7,"column":79},"end":{"line":45,"column":1}}},"2":{"name":"(anonymous_9)","decl":{"start":{"line":13,"column":67},"end":{"line":13,"column":68}},"loc":{"start":{"line":13,"column":85},"end":{"line":16,"column":13}}},"3":{"name":"(anonymous_10)","decl":{"start":{"line":48,"column":26},"end":{"line":48,"column":33}},"loc":{"start":{"line":48,"column":79},"end":{"line":68,"column":4}}},"4":{"name":"(anonymous_11)","decl":{"start":{"line":48,"column":79},"end":{"line":48,"column":null}},"loc":{"start":{"line":48,"column":79},"end":{"line":68,"column":3}}},"5":{"name":"(anonymous_12)","decl":{"start":{"line":73,"column":30},"end":{"line":73,"column":37}},"loc":{"start":{"line":73,"column":83},"end":{"line":97,"column":4}}},"6":{"name":"(anonymous_13)","decl":{"start":{"line":73,"column":83},"end":{"line":73,"column":null}},"loc":{"start":{"line":73,"column":83},"end":{"line":97,"column":3}}}},"branchMap":{"0":{"loc":{"start":{"line":12,"column":8},"end":{"line":19,"column":9}},"type":"if","locations":[{"start":{"line":12,"column":8},"end":{"line":19,"column":9}}]},"1":{"loc":{"start":{"line":25,"column":8},"end":{"line":28,"column":9}},"type":"if","locations":[{"start":{"line":25,"column":8},"end":{"line":28,"column":9}}]},"2":{"loc":{"start":{"line":54,"column":6},"end":{"line":57,"column":7}},"type":"if","locations":[{"start":{"line":54,"column":6},"end":{"line":57,"column":7}}]},"3":{"loc":{"start":{"line":79,"column":6},"end":{"line":82,"column":7}},"type":"if","locations":[{"start":{"line":79,"column":6},"end":{"line":82,"column":7}}]}},"s":{"0":3,"1":3,"2":3,"3":3,"4":2,"5":2,"6":2,"7":2,"8":1,"9":2,"10":2,"11":1,"12":1,"13":1,"14":1,"15":1,"16":0,"17":0,"18":1,"19":1,"20":0,"21":0,"22":3,"23":3,"24":2,"25":2,"26":2,"27":2,"28":2,"29":1,"30":1,"31":1,"32":1,"33":1,"34":0,"35":0,"36":0,"37":3,"38":3,"39":1,"40":1,"41":1,"42":1,"43":1,"44":1,"45":1,"46":0,"47":0,"48":0,"49":0,"50":0,"51":0,"52":3},"f":{"0":2,"1":2,"2":2,"3":2,"4":2,"5":1,"6":1},"b":{"0":[1],"1":[0],"2":[1],"3":[1]}}
,"/Users/mac/user-management-api/src/controller/usersController.ts": {"path":"/Users/mac/user-management-api/src/controller/usersController.ts","statementMap":{"0":{"start":{"line":2,"column":0},"end":{"line":2,"column":51}},"1":{"start":{"line":3,"column":0},"end":{"line":3,"column":53}},"2":{"start":{"line":4,"column":0},"end":{"line":4,"column":62}},"3":{"start":{"line":6,"column":33},"end":{"line":29,"column":2}},"4":{"start":{"line":6,"column":86},"end":{"line":29,"column":2}},"5":{"start":{"line":7,"column":2},"end":{"line":28,"column":3}},"6":{"start":{"line":8,"column":17},"end":{"line":8,"column":56}},"7":{"start":{"line":9,"column":21},"end":{"line":9,"column":65}},"8":{"start":{"line":11,"column":28},"end":{"line":14,"column":6}},"9":{"start":{"line":16,"column":5},"end":{"line":23,"column":7}},"10":{"start":{"line":24,"column":4},"end":{"line":24,"column":10}},"11":{"start":{"line":26,"column":4},"end":{"line":26,"column":50}},"12":{"start":{"line":27,"column":4},"end":{"line":27,"column":63}},"13":{"start":{"line":6,"column":13},"end":{"line":6,"column":33}},"14":{"start":{"line":32,"column":29},"end":{"line":41,"column":2}},"15":{"start":{"line":32,"column":82},"end":{"line":41,"column":2}},"16":{"start":{"line":33,"column":2},"end":{"line":40,"column":3}},"17":{"start":{"line":34,"column":23},"end":{"line":34,"column":49}},"18":{"start":{"line":35,"column":4},"end":{"line":35,"column":41}},"19":{"start":{"line":36,"column":4},"end":{"line":36,"column":11}},"20":{"start":{"line":38,"column":4},"end":{"line":38,"column":55}},"21":{"start":{"line":39,"column":4},"end":{"line":39,"column":63}},"22":{"start":{"line":32,"column":13},"end":{"line":32,"column":29}},"23":{"start":{"line":45,"column":27},"end":{"line":70,"column":2}},"24":{"start":{"line":45,"column":80},"end":{"line":70,"column":2}},"25":{"start":{"line":46,"column":2},"end":{"line":69,"column":3}},"26":{"start":{"line":47,"column":19},"end":{"line":47,"column":29}},"27":{"start":{"line":49,"column":17},"end":{"line":58,"column":6}},"28":{"start":{"line":60,"column":4},"end":{"line":63,"column":5}},"29":{"start":{"line":61,"column":6},"end":{"line":61,"column":58}},"30":{"start":{"line":62,"column":6},"end":{"line":62,"column":13}},"31":{"start":{"line":65,"column":4},"end":{"line":65,"column":35}},"32":{"start":{"line":67,"column":4},"end":{"line":67,"column":49}},"33":{"start":{"line":68,"column":4},"end":{"line":68,"column":63}},"34":{"start":{"line":45,"column":13},"end":{"line":45,"column":27}},"35":{"start":{"line":75,"column":26},"end":{"line":111,"column":2}},"36":{"start":{"line":75,"column":79},"end":{"line":111,"column":2}},"37":{"start":{"line":76,"column":2},"end":{"line":110,"column":3}},"38":{"start":{"line":78,"column":23},"end":{"line":78,"column":62}},"39":{"start":{"line":80,"column":4},"end":{"line":88,"column":5}},"40":{"start":{"line":81,"column":30},"end":{"line":84,"column":12}},"41":{"start":{"line":82,"column":8},"end":{"line":82,"column":39}},"42":{"start":{"line":83,"column":8},"end":{"line":83,"column":19}},"43":{"start":{"line":86,"column":6},"end":{"line":86,"column":56}},"44":{"start":{"line":87,"column":6},"end":{"line":87,"column":13}},"45":{"start":{"line":90,"column":28},"end":{"line":90,"column":36}},"46":{"start":{"line":93,"column":25},"end":{"line":93,"column":73}},"47":{"start":{"line":94,"column":4},"end":{"line":97,"column":5}},"48":{"start":{"line":95,"column":6},"end":{"line":95,"column":79}},"49":{"start":{"line":96,"column":6},"end":{"line":96,"column":13}},"50":{"start":{"line":101,"column":20},"end":{"line":104,"column":6}},"51":{"start":{"line":106,"column":4},"end":{"line":106,"column":82}},"52":{"start":{"line":108,"column":4},"end":{"line":108,"column":49}},"53":{"start":{"line":109,"column":4},"end":{"line":109,"column":63}},"54":{"start":{"line":75,"column":13},"end":{"line":75,"column":26}}},"fnMap":{"0":{"name":"(anonymous_8)","decl":{"start":{"line":6,"column":33},"end":{"line":6,"column":40}},"loc":{"start":{"line":6,"column":86},"end":{"line":29,"column":2}}},"1":{"name":"(anonymous_9)","decl":{"start":{"line":6,"column":86},"end":{"line":6,"column":null}},"loc":{"start":{"line":6,"column":86},"end":{"line":29,"column":1}}},"2":{"name":"(anonymous_10)","decl":{"start":{"line":32,"column":29},"end":{"line":32,"column":36}},"loc":{"start":{"line":32,"column":82},"end":{"line":41,"column":2}}},"3":{"name":"(anonymous_11)","decl":{"start":{"line":32,"column":82},"end":{"line":32,"column":null}},"loc":{"start":{"line":32,"column":82},"end":{"line":41,"column":1}}},"4":{"name":"(anonymous_12)","decl":{"start":{"line":45,"column":27},"end":{"line":45,"column":34}},"loc":{"start":{"line":45,"column":80},"end":{"line":70,"column":2}}},"5":{"name":"(anonymous_13)","decl":{"start":{"line":45,"column":80},"end":{"line":45,"column":null}},"loc":{"start":{"line":45,"column":80},"end":{"line":70,"column":1}}},"6":{"name":"(anonymous_14)","decl":{"start":{"line":75,"column":26},"end":{"line":75,"column":33}},"loc":{"start":{"line":75,"column":79},"end":{"line":111,"column":2}}},"7":{"name":"(anonymous_15)","decl":{"start":{"line":75,"column":79},"end":{"line":75,"column":null}},"loc":{"start":{"line":75,"column":79},"end":{"line":111,"column":1}}},"8":{"name":"(anonymous_16)","decl":{"start":{"line":81,"column":61},"end":{"line":81,"column":62}},"loc":{"start":{"line":81,"column":79},"end":{"line":84,"column":7}}}},"branchMap":{"0":{"loc":{"start":{"line":8,"column":17},"end":{"line":8,"column":56}},"type":"binary-expr","locations":[{"start":{"line":8,"column":17},"end":{"line":8,"column":51}},{"start":{"line":8,"column":55},"end":{"line":8,"column":56}}]},"1":{"loc":{"start":{"line":9,"column":21},"end":{"line":9,"column":65}},"type":"binary-expr","locations":[{"start":{"line":9,"column":21},"end":{"line":9,"column":59}},{"start":{"line":9,"column":63},"end":{"line":9,"column":65}}]},"2":{"loc":{"start":{"line":60,"column":4},"end":{"line":63,"column":5}},"type":"if","locations":[{"start":{"line":60,"column":4},"end":{"line":63,"column":5}}]},"3":{"loc":{"start":{"line":80,"column":4},"end":{"line":88,"column":5}},"type":"if","locations":[{"start":{"line":80,"column":4},"end":{"line":88,"column":5}}]},"4":{"loc":{"start":{"line":94,"column":4},"end":{"line":97,"column":5}},"type":"if","locations":[{"start":{"line":94,"column":4},"end":{"line":97,"column":5}}]}},"s":{"0":3,"1":3,"2":3,"3":3,"4":1,"5":1,"6":1,"7":1,"8":1,"9":1,"10":1,"11":0,"12":0,"13":3,"14":3,"15":1,"16":1,"17":1,"18":1,"19":1,"20":0,"21":0,"22":3,"23":3,"24":2,"25":2,"26":2,"27":2,"28":2,"29":1,"30":1,"31":1,"32":0,"33":0,"34":3,"35":3,"36":3,"37":3,"38":3,"39":3,"40":1,"41":2,"42":2,"43":1,"44":1,"45":2,"46":2,"47":2,"48":1,"49":1,"50":1,"51":1,"52":0,"53":0,"54":3},"f":{"0":1,"1":1,"2":1,"3":1,"4":2,"5":2,"6":3,"7":3,"8":2},"b":{"0":[1,1],"1":[1,1],"2":[1],"3":[1],"4":[1]}}
,"/Users/mac/user-management-api/src/models/addressModel.ts": {"path":"/Users/mac/user-management-api/src/models/addressModel.ts","statementMap":{"0":{"start":{"line":1,"column":0},"end":{"line":1,"column":45}},"1":{"start":{"line":2,"column":0},"end":{"line":2,"column":45}},"2":{"start":{"line":3,"column":0},"end":{"line":3,"column":39}},"3":{"start":{"line":12,"column":0},"end":{"line":12,"column":13}},"4":{"start":{"line":17,"column":0},"end":{"line":48,"column":2}},"5":{"start":{"line":50,"column":0},"end":{"line":53,"column":3}},"6":{"start":{"line":55,"column":0},"end":{"line":58,"column":3}},"7":{"start":{"line":60,"column":0},"end":{"line":60,"column":31}}},"fnMap":{},"branchMap":{},"s":{"0":3,"1":3,"2":3,"3":3,"4":3,"5":3,"6":3,"7":3},"f":{},"b":{}}
,"/Users/mac/user-management-api/src/models/postModel.ts": {"path":"/Users/mac/user-management-api/src/models/postModel.ts","statementMap":{"0":{"start":{"line":1,"column":0},"end":{"line":1,"column":45}},"1":{"start":{"line":2,"column":0},"end":{"line":2,"column":45}},"2":{"start":{"line":3,"column":0},"end":{"line":3,"column":39}},"3":{"start":{"line":12,"column":0},"end":{"line":12,"column":13}},"4":{"start":{"line":16,"column":0},"end":{"line":46,"column":2}},"5":{"start":{"line":48,"column":0},"end":{"line":51,"column":3}},"6":{"start":{"line":53,"column":0},"end":{"line":56,"column":3}},"7":{"start":{"line":58,"column":0},"end":{"line":58,"column":28}}},"fnMap":{},"branchMap":{},"s":{"0":3,"1":3,"2":3,"3":3,"4":3,"5":3,"6":3,"7":3},"f":{},"b":{}}
,"/Users/mac/user-management-api/src/models/userModel.ts": {"path":"/Users/mac/user-management-api/src/models/userModel.ts","statementMap":{"0":{"start":{"line":1,"column":0},"end":{"line":1,"column":45}},"1":{"start":{"line":2,"column":0},"end":{"line":2,"column":45}},"2":{"start":{"line":10,"column":0},"end":{"line":10,"column":13}},"3":{"start":{"line":15,"column":0},"end":{"line":41,"column":2}},"4":{"start":{"line":43,"column":0},"end":{"line":43,"column":28}}},"fnMap":{},"branchMap":{},"s":{"0":3,"1":3,"2":3,"3":3,"4":3},"f":{},"b":{}}
,"/Users/mac/user-management-api/src/routes/addressRoutes.ts": {"path":"/Users/mac/user-management-api/src/routes/addressRoutes.ts","statementMap":{"0":{"start":{"line":1,"column":0},"end":{"line":1,"column":30}},"1":{"start":{"line":2,"column":0},"end":{"line":2,"column":95}},"2":{"start":{"line":5,"column":15},"end":{"line":5,"column":31}},"3":{"start":{"line":7,"column":0},"end":{"line":7,"column":51}},"4":{"start":{"line":8,"column":0},"end":{"line":8,"column":38}},"5":{"start":{"line":9,"column":0},"end":{"line":9,"column":null}},"6":{"start":{"line":11,"column":0},"end":{"line":11,"column":22}}},"fnMap":{},"branchMap":{},"s":{"0":3,"1":3,"2":3,"3":3,"4":3,"5":3,"6":3},"f":{},"b":{}}
,"/Users/mac/user-management-api/src/routes/postRoutes.ts": {"path":"/Users/mac/user-management-api/src/routes/postRoutes.ts","statementMap":{"0":{"start":{"line":1,"column":0},"end":{"line":1,"column":30}},"1":{"start":{"line":2,"column":0},"end":{"line":2,"column":83}},"2":{"start":{"line":4,"column":15},"end":{"line":4,"column":31}},"3":{"start":{"line":7,"column":0},"end":{"line":7,"column":46}},"4":{"start":{"line":8,"column":0},"end":{"line":8,"column":35}},"5":{"start":{"line":9,"column":0},"end":{"line":9,"column":41}},"6":{"start":{"line":11,"column":0},"end":{"line":11,"column":22}}},"fnMap":{},"branchMap":{},"s":{"0":3,"1":3,"2":3,"3":3,"4":3,"5":3,"6":3},"f":{},"b":{}}
,"/Users/mac/user-management-api/src/routes/userRoutes.ts": {"path":"/Users/mac/user-management-api/src/routes/userRoutes.ts","statementMap":{"0":{"start":{"line":1,"column":0},"end":{"line":1,"column":32}},"1":{"start":{"line":2,"column":0},"end":{"line":2,"column":106}},"2":{"start":{"line":4,"column":15},"end":{"line":4,"column":23}},"3":{"start":{"line":6,"column":0},"end":{"line":6,"column":29}},"4":{"start":{"line":7,"column":0},"end":{"line":7,"column":35}},"5":{"start":{"line":8,"column":0},"end":{"line":8,"column":36}},"6":{"start":{"line":9,"column":0},"end":{"line":9,"column":32}},"7":{"start":{"line":11,"column":0},"end":{"line":11,"column":22}}},"fnMap":{},"branchMap":{},"s":{"0":3,"1":3,"2":3,"3":3,"4":3,"5":3,"6":3,"7":3},"f":{},"b":{}}
,"/Users/mac/user-management-api/src/validators/PostValidators.ts": {"path":"/Users/mac/user-management-api/src/validators/PostValidators.ts","statementMap":{"0":{"start":{"line":1,"column":0},"end":{"line":1,"column":24}},"1":{"start":{"line":3,"column":13},"end":{"line":7,"column":3}},"2":{"start":{"line":10,"column":0},"end":{"line":10,"column":35}}},"fnMap":{},"branchMap":{},"s":{"0":3,"1":3,"2":3},"f":{},"b":{}}
,"/Users/mac/user-management-api/src/validators/userValidator.ts": {"path":"/Users/mac/user-management-api/src/validators/userValidator.ts","statementMap":{"0":{"start":{"line":1,"column":0},"end":{"line":1,"column":24}},"1":{"start":{"line":3,"column":13},"end":{"line":8,"column":3}},"2":{"start":{"line":10,"column":0},"end":{"line":10,"column":35}}},"fnMap":{},"branchMap":{},"s":{"0":3,"1":3,"2":3},"f":{},"b":{}}
}
