TN:
SF:src/app.ts
FN:14,(anonymous_1)
FN:17,(anonymous_2)
FNF:2
FNH:1
FNDA:3,(anonymous_1)
FNDA:0,(anonymous_2)
DA:1,3
DA:2,3
DA:3,3
DA:4,3
DA:5,3
DA:6,3
DA:7,3
DA:9,3
DA:10,3
DA:13,3
DA:15,3
DA:18,0
DA:21,3
DA:22,3
DA:23,3
DA:26,3
DA:27,3
DA:28,3
DA:34,3
LF:19
LH:18
BRF:0
BRH:0
end_of_record
TN:
SF:src/controller/addressController.ts
FN:9,(anonymous_8)
FN:9,(anonymous_9)
FN:51,(anonymous_10)
FN:51,(anonymous_11)
FN:86,(anonymous_12)
FN:94,(anonymous_13)
FN:94,(anonymous_14)
FNF:7
FNH:6
FNDA:1,(anonymous_8)
FNDA:1,(anonymous_9)
FNDA:2,(anonymous_10)
FNDA:2,(anonymous_11)
FNDA:0,(anonymous_12)
FNDA:2,(anonymous_13)
FNDA:2,(anonymous_14)
DA:2,3
DA:3,3
DA:9,3
DA:10,1
DA:11,1
DA:14,1
DA:15,0
DA:16,0
DA:20,1
DA:21,1
DA:22,1
DA:23,1
DA:27,0
DA:33,0
DA:34,0
DA:35,0
DA:39,0
DA:44,0
DA:45,0
DA:51,3
DA:52,2
DA:53,2
DA:56,2
DA:57,2
DA:58,0
DA:59,0
DA:63,2
DA:64,2
DA:65,0
DA:66,0
DA:70,2
DA:71,2
DA:72,1
DA:73,1
DA:77,1
DA:79,1
DA:82,0
DA:85,0
DA:86,0
DA:88,0
DA:94,3
DA:95,2
DA:96,2
DA:97,2
DA:100,2
DA:101,0
DA:102,0
DA:106,2
DA:107,2
DA:108,0
DA:109,0
DA:113,2
DA:114,2
DA:115,1
DA:116,1
DA:120,1
DA:125,1
DA:131,0
DA:132,0
LF:59
LH:36
BRDA:14,0,0,0
BRDA:14,1,0,1
BRDA:14,1,1,1
BRDA:21,2,0,1
BRDA:33,3,0,0
BRDA:57,4,0,0
BRDA:64,5,0,0
BRDA:71,6,0,1
BRDA:85,7,0,0
BRDA:85,7,1,0
BRDA:100,8,0,0
BRDA:100,9,0,2
BRDA:100,9,1,2
BRDA:107,10,0,0
BRDA:114,11,0,1
BRDA:121,12,0,1
BRDA:121,12,1,0
BRDA:121,13,0,1
BRDA:121,13,1,1
BRDA:122,14,0,1
BRDA:122,14,1,0
BRDA:122,15,0,1
BRDA:122,15,1,1
BRF:23
BRH:13
end_of_record
TN:
SF:src/controller/postController.ts
FN:7,(anonymous_7)
FN:7,(anonymous_8)
FN:13,(anonymous_9)
FN:48,(anonymous_10)
FN:48,(anonymous_11)
FN:73,(anonymous_12)
FN:73,(anonymous_13)
FNF:7
FNH:7
FNDA:2,(anonymous_7)
FNDA:2,(anonymous_8)
FNDA:2,(anonymous_9)
FNDA:2,(anonymous_10)
FNDA:2,(anonymous_11)
FNDA:1,(anonymous_12)
FNDA:1,(anonymous_13)
DA:2,3
DA:3,3
DA:4,3
DA:7,3
DA:8,2
DA:10,2
DA:12,2
DA:13,1
DA:14,2
DA:15,2
DA:17,1
DA:18,1
DA:21,1
DA:24,1
DA:25,1
DA:26,0
DA:27,0
DA:31,1
DA:37,1
DA:42,0
DA:43,0
DA:48,3
DA:49,2
DA:50,2
DA:53,2
DA:54,2
DA:55,1
DA:56,1
DA:59,1
DA:60,1
DA:61,1
DA:64,0
DA:65,0
DA:66,0
DA:73,3
DA:74,1
DA:75,1
DA:78,1
DA:79,1
DA:80,1
DA:81,1
DA:84,0
DA:86,0
DA:90,0
DA:93,0
DA:94,0
DA:96,0
LF:47
LH:34
BRDA:12,0,0,1
BRDA:25,1,0,0
BRDA:54,2,0,1
BRDA:79,3,0,1
BRF:4
BRH:3
end_of_record
TN:
SF:src/controller/usersController.ts
FN:6,(anonymous_8)
FN:6,(anonymous_9)
FN:32,(anonymous_10)
FN:32,(anonymous_11)
FN:45,(anonymous_12)
FN:45,(anonymous_13)
FN:75,(anonymous_14)
FN:75,(anonymous_15)
FN:81,(anonymous_16)
FNF:9
FNH:9
FNDA:1,(anonymous_8)
FNDA:1,(anonymous_9)
FNDA:1,(anonymous_10)
FNDA:1,(anonymous_11)
FNDA:2,(anonymous_12)
FNDA:2,(anonymous_13)
FNDA:3,(anonymous_14)
FNDA:3,(anonymous_15)
FNDA:2,(anonymous_16)
DA:2,3
DA:3,3
DA:4,3
DA:6,3
DA:7,1
DA:8,1
DA:9,1
DA:11,1
DA:16,1
DA:24,1
DA:26,0
DA:27,0
DA:32,3
DA:33,1
DA:34,1
DA:35,1
DA:36,1
DA:38,0
DA:39,0
DA:45,3
DA:46,2
DA:47,2
DA:49,2
DA:60,2
DA:61,1
DA:62,1
DA:65,1
DA:67,0
DA:68,0
DA:75,3
DA:76,3
DA:78,3
DA:80,3
DA:81,1
DA:82,2
DA:83,2
DA:86,1
DA:87,1
DA:90,2
DA:93,2
DA:94,2
DA:95,1
DA:96,1
DA:101,1
DA:106,1
DA:108,0
DA:109,0
LF:47
LH:39
BRDA:8,0,0,1
BRDA:8,0,1,1
BRDA:9,1,0,1
BRDA:9,1,1,1
BRDA:60,2,0,1
BRDA:80,3,0,1
BRDA:94,4,0,1
BRF:7
BRH:7
end_of_record
TN:
SF:src/models/addressModel.ts
FNF:0
FNH:0
DA:1,3
DA:2,3
DA:3,3
DA:12,3
DA:17,3
DA:50,3
DA:55,3
DA:60,3
LF:8
LH:8
BRF:0
BRH:0
end_of_record
TN:
SF:src/models/postModel.ts
FNF:0
FNH:0
DA:1,3
DA:2,3
DA:3,3
DA:12,3
DA:16,3
DA:48,3
DA:53,3
DA:58,3
LF:8
LH:8
BRF:0
BRH:0
end_of_record
TN:
SF:src/models/userModel.ts
FNF:0
FNH:0
DA:1,3
DA:2,3
DA:10,3
DA:15,3
DA:43,3
LF:5
LH:5
BRF:0
BRH:0
end_of_record
TN:
SF:src/routes/addressRoutes.ts
FNF:0
FNH:0
DA:1,3
DA:2,3
DA:5,3
DA:7,3
DA:8,3
DA:9,3
DA:11,3
LF:7
LH:7
BRF:0
BRH:0
end_of_record
TN:
SF:src/routes/postRoutes.ts
FNF:0
FNH:0
DA:1,3
DA:2,3
DA:4,3
DA:7,3
DA:8,3
DA:9,3
DA:11,3
LF:7
LH:7
BRF:0
BRH:0
end_of_record
TN:
SF:src/routes/userRoutes.ts
FNF:0
FNH:0
DA:1,3
DA:2,3
DA:4,3
DA:6,3
DA:7,3
DA:8,3
DA:9,3
DA:11,3
LF:8
LH:8
BRF:0
BRH:0
end_of_record
TN:
SF:src/validators/PostValidators.ts
FNF:0
FNH:0
DA:1,3
DA:3,3
DA:10,3
LF:3
LH:3
BRF:0
BRH:0
end_of_record
TN:
SF:src/validators/userValidator.ts
FNF:0
FNH:0
DA:1,3
DA:3,3
DA:10,3
LF:3
LH:3
BRF:0
BRH:0
end_of_record
